[ERROR] 2017-02-05 13:03:49,089   com.tinymood.wechat.util.WechatUtil     - https request error:{}
java.net.UnknownHostException: api.weixin.qq.com
	at java.net.AbstractPlainSocketImpl.connect(AbstractPlainSocketImpl.java:178)
	at java.net.SocksSocketImpl.connect(SocksSocketImpl.java:392)
	at java.net.Socket.connect(Socket.java:579)
	at sun.security.ssl.SSLSocketImpl.connect(SSLSocketImpl.java:625)
	at sun.security.ssl.BaseSSLSocketImpl.connect(BaseSSLSocketImpl.java:160)
	at sun.net.NetworkClient.doConnect(NetworkClient.java:180)
	at sun.net.www.http.HttpClient.openServer(HttpClient.java:432)
	at sun.net.www.http.HttpClient.openServer(HttpClient.java:527)
	at sun.net.www.protocol.https.HttpsClient.<init>(HttpsClient.java:264)
	at sun.net.www.protocol.https.HttpsClient.New(HttpsClient.java:367)
	at sun.net.www.protocol.https.AbstractDelegateHttpsURLConnection.getNewHttpClient(AbstractDelegateHttpsURLConnection.java:191)
	at sun.net.www.protocol.http.HttpURLConnection.plainConnect(HttpURLConnection.java:933)
	at sun.net.www.protocol.https.AbstractDelegateHttpsURLConnection.connect(AbstractDelegateHttpsURLConnection.java:177)
	at sun.net.www.protocol.https.HttpsURLConnectionImpl.connect(HttpsURLConnectionImpl.java:153)
	at com.tinymood.wechat.util.WechatUtil.httpRequest(WechatUtil.java:66)
	at com.tinymood.wechat.util.WechatUtil.getAccessToken(WechatUtil.java:114)
	at com.tinymood.wechat.core.MenuManager.main(MenuManager.java:29)
	at sun.reflect.NativeMethodAccessorImpl.invoke0(Native Method)
	at sun.reflect.NativeMethodAccessorImpl.invoke(NativeMethodAccessorImpl.java:57)
	at sun.reflect.DelegatingMethodAccessorImpl.invoke(DelegatingMethodAccessorImpl.java:43)
	at java.lang.reflect.Method.invoke(Method.java:606)
	at com.intellij.rt.execution.application.AppMain.main(AppMain.java:147)
[ERROR] 2017-02-05 13:05:39,577   com.tinymood.wechat.util.WechatUtil     - 创建菜单失败 errcode:48001 errmsg:api unauthorized hint: [wUKQqA0138vr29!]
[INFO ] 2017-02-05 13:05:39,595  com.tinymood.wechat.core.MenuManager     - 菜单创建失败，错误码：48001
